

==============================================================================
conform: require("conform.health").check()

conform.nvim report ~
- Log file: C:\Users\iwogr\AppData\Local\nvim-data\conform.log
- OK blade-formatter ready (blade)
- WARNING fish_indent unavailable: Command not found
- WARNING markdown-toc unavailable: Condition failed
- WARNING markdownlint-cli2 unavailable: Condition failed
- OK pint ready (php)
- WARNING prettier unavailable: Command not found
- OK prettierd ready (javascript)
- OK shfmt ready (sh)
- OK stylua ready (lua)

==============================================================================
lazy: require("lazy.health").check()

lazy.nvim ~
- {lazy.nvim} version `11.14.2`
- OK {git} `version 2.47.0.windows.2`
- OK no existing packages found by other package managers
- OK packer_compiled.lua not found

luarocks ~
- checking `hererocks` installation
- OK no plugins require `luarocks`, so you can ignore any warnings below
- WARNING {python3} or {python} not installed
- ERROR {C:/Users/iwogr/AppData/Local/nvim-data/lazy-rocks/hererocks/bin/luarocks} not installed
- WARNING {C:/Users/iwogr/AppData/Local/nvim-data/lazy-rocks/hererocks/bin/lua} version `5.1` not installed
- WARNING Lazy won't be able to install plugins that require `luarocks`.
  Here's what you can do:
   - fix your `luarocks` installation
   - disable *hererocks* with `opts.rocks.hererocks = false`
   - disable `luarocks` support completely with `opts.rocks.enabled = false`

==============================================================================
lazyvim: require("lazyvim.health").check()

LazyVim ~
- OK Using Neovim >= 0.9.0
- OK `git` is installed
- OK `rg` is installed
- OK `fd` is installed
- OK `lazygit` is installed

==============================================================================
mason: require("mason.health").check()

mason.nvim ~
- OK mason.nvim version v1.10.0
- OK PATH: prepend
- OK Providers: 
    mason.providers.registry-api
    mason.providers.client
- OK neovim version >= 0.7.0

mason.nvim [Registries] ~
- OK Registry `github.com/mason-org/mason-registry version: 2024-11-19-unripe-human` is installed.

mason.nvim [Core utils] ~
- OK unzip: `UnZip 6.00 of 20 April 2009, by Info-ZIP.  Maintained by C. Spieler.  Send`
- OK wget: `GNU Wget 1.21.4 built on mingw32.`
- OK curl: `curl 8.9.1 (Windows) libcurl/8.9.1 Schannel zlib/1.3 WinIDN`
- OK gzip: `gzip 1.3.12`
- OK tar: `bsdtar 3.7.2 - libarchive 3.7.2 zlib/1.2.5.f-ipp liblzma/5.4.3 bz2lib/1.0.8 libzstd/1.5.4 `
- OK pwsh: `7.4.6 Microsoft Windows 10.0.22631 Win32NT`
- WARNING 7z: not available
  - ADVICE:
    - spawn: 7z failed with exit code - and signal -. 7z is not executable

mason.nvim [Languages] ~
- WARNING Go: not available
  - ADVICE:
    - spawn: go failed with exit code - and signal -. go is not executable
- WARNING cargo: not available
  - ADVICE:
    - spawn: cargo failed with exit code - and signal -. cargo is not executable
- WARNING luarocks: not available
  - ADVICE:
    - spawn: luarocks failed with exit code - and signal -. luarocks is not executable
- WARNING Ruby: not available
  - ADVICE:
    - spawn: ruby failed with exit code - and signal -. ruby is not executable
- WARNING RubyGem: not available
  - ADVICE:
    - spawn: gem.cmd failed with exit code - and signal -. gem.cmd is not executable
- OK PHP: `PHP 8.3.13 (cli) (built: Oct 22 2024 21:08:02) (ZTS Visual C++ 2019 x64)`
- OK node: `v20.10.0`
- WARNING julia: not available
  - ADVICE:
    - spawn: julia failed with exit code - and signal -. julia is not executable
- WARNING python: not available
  - ADVICE:
    - spawn: python failed with exit code - and signal -. python is not executable
- OK JAVA_HOME: `openjdk version "21.0.3" 2024-04-16 LTS`
- WARNING pip: not available
  - ADVICE:
    - spawn: python failed with exit code - and signal -. python is not executable
- WARNING python venv: not available
  - ADVICE:
    - On Debian/Ubuntu systems, you need to install the python3-venv package using the following command:
      
          apt-get install python3-venv
- OK javac: `javac 17.0.11`
- OK Composer: `Composer version 2.7.7 2024-06-10 22:11:12`
- OK java: `java version "1.8.0_431"`
- OK npm: `10.2.3`

mason.nvim [GitHub] ~
- OK GitHub API rate limit. Used: 0. Remaining: 60. Limit: 60. Reset: 19/11/2024 22:41:41.
  Install and authenticate via gh-cli to increase rate limit.

==============================================================================
noice: require("noice.health").check()

noice.nvim ~
- OK **Neovim** >= 0.9.0
- OK You're using a GUI that should work ok
- OK **vim.go.lazyredraw** is not enabled
- WARNING Noice needs nvim-notify for routes using the `notify` view
- OK **TreeSitter vim** parser is installed
- OK **TreeSitter regex** parser is installed
- OK **TreeSitter lua** parser is installed
- OK **TreeSitter bash** parser is installed
- OK **TreeSitter markdown** parser is installed
- OK **TreeSitter markdown_inline** parser is installed
- OK `vim.notify` is set to **Noice**
- OK `vim.lsp.buf.hover` is set to **Noice**
- OK `vim.lsp.buf.signature_help` is set to **Noice**
- OK `vim.lsp.handlers["window/showMessage"]` is set to **Noice**
- OK `vim.lsp.util.convert_input_to_markdown_lines` is set to **Noice**
- OK `vim.lsp.util.stylize_markdown` is set to **Noice**

==============================================================================
nvim: require("nvim.health").check()

Configuration ~
- OK no issues found

Runtime ~
- OK $VIMRUNTIME: C:\Program Files\Neovim\share/nvim/runtime

Performance ~
- OK Build type: Release

Remote Plugins ~
- OK Up to date

External Tools ~
- OK ripgrep 14.1.0 (rev e50df40a19) (C:\ProgramData\chocolatey\bin\rg.EXE)

==============================================================================
nvim-treesitter: require("nvim-treesitter.health").check()

Installation ~
- WARNING `tree-sitter` executable not found (parser generator, only needed for :TSInstallFromGrammar, not required for :TSInstall)
- OK `node` found v20.10.0 (only needed for :TSInstallFromGrammar)
- OK `git` executable found.
- OK `gcc` executable found. Selected from { vim.NIL, "cc", "gcc", "clang", "cl", "zig" }
  Version: gcc (x86_64-posix-seh-rev0, Built by MinGW-Builds project) 13.2.0
- OK Neovim was compiled with tree-sitter runtime ABI version 14 (required >=13). Parsers must be compatible with runtime ABI.

OS Info:
{
  machine = "x86_64",
  release = "10.0.22631",
  sysname = "Windows_NT",
  version = "Windows 11 Pro"
} ~

Parser/Features         H L F I J
  - bash                ✓ ✓ ✓ . ✓
  - blade               ✓ . . . ✓
  - c                   ✓ ✓ ✓ ✓ ✓
  - css                 ✓ . ✓ ✓ ✓
  - diff                ✓ . ✓ . ✓
  - git_config          ✓ . ✓ . ✓
  - html                ✓ ✓ ✓ ✓ ✓
  - http                ✓ . . . ✓
  - javascript          ✓ ✓ ✓ ✓ ✓
  - jsdoc               ✓ . . . .
  - json                ✓ ✓ ✓ ✓ .
  - json5               ✓ . . . ✓
  - jsonc               ✓ ✓ ✓ ✓ ✓
  - lua                 ✓ ✓ ✓ ✓ ✓
  - luadoc              ✓ . . . .
  - luap                ✓ . . . .
  - markdown            ✓ . ✓ ✓ ✓
  - markdown_inline     ✓ . . . ✓
  - php                 ✓ ✓ ✓ ✓ ✓
  - phpdoc              ✓ . . . .
  - printf              ✓ . . . .
  - python              ✓ ✓ ✓ ✓ ✓
  - query               ✓ ✓ ✓ ✓ ✓
  - regex               ✓ . . . .
  - rust                ✓ ✓ ✓ ✓ ✓
  - toml                ✓ ✓ ✓ ✓ ✓
  - tsx                 ✓ ✓ ✓ ✓ ✓
  - typescript          ✓ ✓ ✓ ✓ ✓
  - vim                 ✓ ✓ ✓ . ✓
  - vimdoc              ✓ . . . ✓
  - vue                 ✓ . ✓ ✓ ✓
  - xml                 ✓ ✓ ✓ ✓ ✓
  - yaml                ✓ ✓ ✓ ✓ ✓

  Legend: H[ighlight], L[ocals], F[olds], I[ndents], In[j]ections
         +) multiple parsers found, only one will be used
         x) errors found in the query, try to run :TSUpdate {lang} ~

==============================================================================
provider.clipboard: require("provider.clipboard.health").check()

Clipboard (optional) ~
- OK Clipboard tool found: win32yank

==============================================================================
provider.node: require("provider.node.health").check()

Node.js provider (optional) ~
- Node.js: v20.10.0
  
- WARNING Missing "neovim" npm (or yarn, pnpm) package.
  - ADVICE:
    - Run in shell: npm install -g neovim
    - Run in shell (if you use yarn): yarn global add neovim
    - Run in shell (if you use pnpm): pnpm install -g neovim
    - You may disable this provider (and warning) by adding `let g:loaded_node_provider = 0` to your init.vim

==============================================================================
provider.perl: require("provider.perl.health").check()

Perl provider (optional) ~
- WARNING No perl executable found
  - ADVICE:
    - See :help |provider-perl| for more information.
    - You may disable this provider (and warning) by adding `let g:loaded_perl_provider = 0` to your init.vim
- WARNING No usable perl executable found

==============================================================================
provider.python: require("provider.python.health").check()

Python 3 provider (optional) ~
- WARNING No Python executable found that can `import neovim`. Using the first available executable for diagnostics.
- WARNING Could not load Python :
  python3 not found in search path or not executable.
  python3.12 not found in search path or not executable.
  python3.11 not found in search path or not executable.
  python3.10 not found in search path or not executable.
  python3.9 not found in search path or not executable.
  python3.8 not found in search path or not executable.
  python3.7 not found in search path or not executable.
  python not found in search path or not executable.
  - ADVICE:
    - See :help |provider-python| for more information.
    - You may disable this provider (and warning) by adding `let g:loaded_python3_provider = 0` to your init.vim
- Executable: Not found

Python virtualenv ~
- OK no $VIRTUAL_ENV

==============================================================================
provider.ruby: require("provider.ruby.health").check()

Ruby provider (optional) ~
- WARNING `ruby` and `gem` must be in $PATH.
  - ADVICE:
    - Install Ruby and verify that `ruby` and `gem` commands work.

==============================================================================
snacks: require("snacks.health").check()

Snacks ~
- OK setup called
- OK `Snacks.bigfile` setup {enabled}
- OK `Snacks.lazygit` {lazygit} installed
- OK `Snacks.notifier` setup {enabled}
- OK `Snacks.notifier` is ready
- OK `Snacks.quickfile` setup {enabled}
- WARNING `Snacks.statuscolumn` setup {disabled}
- OK `Snacks.statuscolumn` is manually configured
  - `vim.o.statuscolumn = "%!v:lua.require'snacks.statuscolumn'.get()"`
- OK `Snacks.terminal` shell configured
  - `vim.o.shell`: cmd.exe
  - `parsed`: { "cmd.exe" }
- OK `Snacks.toggle` {which-key} is installed
- OK `Snacks.words` setup {enabled}

==============================================================================
telescope: health#telescope#check

Checking for required plugins ~
- OK plenary installed.
- OK nvim-treesitter installed.

Checking external dependencies ~
- OK rg: found ripgrep 14.1.0 (rev e50df40a19)
- OK fd: found fd 10.2.0

===== Installed extensions ===== ~

Telescope Extension: `fzf` ~
- OK lib working as expected
- OK file_sorter correctly configured
- OK generic_sorter correctly configured

==============================================================================
vim.lsp: require("vim.lsp.health").check()

- LSP log level : WARN
- Log path: C:\Users\iwogr\AppData\Local\nvim-data/lsp.log
- Log size: 145 KB

vim.lsp: Active Clients ~
- No active clients

vim.lsp: File Watcher ~
- file watching "(workspace/didChangeWatchedFiles)" disabled on all clients

vim.lsp: Position Encodings ~
- No active clients

==============================================================================
vim.treesitter: require("vim.treesitter.health").check()

- Nvim runtime ABI version: 14
- OK Parser: bash                 ABI: 14, path: C:\Users\iwogr\AppData\Local\nvim-data\lazy\nvim-treesitter\parser\bash.so
- OK Parser: blade                ABI: 14, path: C:\Users\iwogr\AppData\Local\nvim-data\lazy\nvim-treesitter\parser\blade.so
- OK Parser: c                    ABI: 14, path: C:\Users\iwogr\AppData\Local\nvim-data\lazy\nvim-treesitter\parser\c.so
- OK Parser: css                  ABI: 14, path: C:\Users\iwogr\AppData\Local\nvim-data\lazy\nvim-treesitter\parser\css.so
- OK Parser: diff                 ABI: 14, path: C:\Users\iwogr\AppData\Local\nvim-data\lazy\nvim-treesitter\parser\diff.so
- OK Parser: git_config           ABI: 13, path: C:\Users\iwogr\AppData\Local\nvim-data\lazy\nvim-treesitter\parser\git_config.so
- OK Parser: html                 ABI: 14, path: C:\Users\iwogr\AppData\Local\nvim-data\lazy\nvim-treesitter\parser\html.so
- OK Parser: http                 ABI: 14, path: C:\Users\iwogr\AppData\Local\nvim-data\lazy\nvim-treesitter\parser\http.so
- OK Parser: javascript           ABI: 14, path: C:\Users\iwogr\AppData\Local\nvim-data\lazy\nvim-treesitter\parser\javascript.so
- OK Parser: jsdoc                ABI: 14, path: C:\Users\iwogr\AppData\Local\nvim-data\lazy\nvim-treesitter\parser\jsdoc.so
- OK Parser: json                 ABI: 14, path: C:\Users\iwogr\AppData\Local\nvim-data\lazy\nvim-treesitter\parser\json.so
- OK Parser: json5                ABI: 14, path: C:\Users\iwogr\AppData\Local\nvim-data\lazy\nvim-treesitter\parser\json5.so
- OK Parser: jsonc                ABI: 13, path: C:\Users\iwogr\AppData\Local\nvim-data\lazy\nvim-treesitter\parser\jsonc.so
- OK Parser: lua                  ABI: 14, path: C:\Users\iwogr\AppData\Local\nvim-data\lazy\nvim-treesitter\parser\lua.so
- OK Parser: luadoc               ABI: 14, path: C:\Users\iwogr\AppData\Local\nvim-data\lazy\nvim-treesitter\parser\luadoc.so
- OK Parser: luap                 ABI: 14, path: C:\Users\iwogr\AppData\Local\nvim-data\lazy\nvim-treesitter\parser\luap.so
- OK Parser: markdown             ABI: 14, path: C:\Users\iwogr\AppData\Local\nvim-data\lazy\nvim-treesitter\parser\markdown.so
- OK Parser: markdown_inline      ABI: 14, path: C:\Users\iwogr\AppData\Local\nvim-data\lazy\nvim-treesitter\parser\markdown_inline.so
- OK Parser: php                  ABI: 14, path: C:\Users\iwogr\AppData\Local\nvim-data\lazy\nvim-treesitter\parser\php.so
- OK Parser: phpdoc               ABI: 14, path: C:\Users\iwogr\AppData\Local\nvim-data\lazy\nvim-treesitter\parser\phpdoc.so
- OK Parser: printf               ABI: 14, path: C:\Users\iwogr\AppData\Local\nvim-data\lazy\nvim-treesitter\parser\printf.so
- OK Parser: python               ABI: 14, path: C:\Users\iwogr\AppData\Local\nvim-data\lazy\nvim-treesitter\parser\python.so
- OK Parser: query                ABI: 14, path: C:\Users\iwogr\AppData\Local\nvim-data\lazy\nvim-treesitter\parser\query.so
- OK Parser: regex                ABI: 14, path: C:\Users\iwogr\AppData\Local\nvim-data\lazy\nvim-treesitter\parser\regex.so
- OK Parser: rust                 ABI: 14, path: C:\Users\iwogr\AppData\Local\nvim-data\lazy\nvim-treesitter\parser\rust.so
- OK Parser: toml                 ABI: 14, path: C:\Users\iwogr\AppData\Local\nvim-data\lazy\nvim-treesitter\parser\toml.so
- OK Parser: tsx                  ABI: 14, path: C:\Users\iwogr\AppData\Local\nvim-data\lazy\nvim-treesitter\parser\tsx.so
- OK Parser: typescript           ABI: 14, path: C:\Users\iwogr\AppData\Local\nvim-data\lazy\nvim-treesitter\parser\typescript.so
- OK Parser: vim                  ABI: 14, path: C:\Users\iwogr\AppData\Local\nvim-data\lazy\nvim-treesitter\parser\vim.so
- OK Parser: vimdoc               ABI: 14, path: C:\Users\iwogr\AppData\Local\nvim-data\lazy\nvim-treesitter\parser\vimdoc.so
- OK Parser: vue                  ABI: 14, path: C:\Users\iwogr\AppData\Local\nvim-data\lazy\nvim-treesitter\parser\vue.so
- OK Parser: xml                  ABI: 14, path: C:\Users\iwogr\AppData\Local\nvim-data\lazy\nvim-treesitter\parser\xml.so
- OK Parser: yaml                 ABI: 14, path: C:\Users\iwogr\AppData\Local\nvim-data\lazy\nvim-treesitter\parser\yaml.so
- OK Parser: c                    ABI: 14, path: C:\Program Files\Neovim\lib\nvim\parser\c.dll
- OK Parser: lua                  ABI: 14, path: C:\Program Files\Neovim\lib\nvim\parser\lua.dll
- OK Parser: markdown             ABI: 14, path: C:\Program Files\Neovim\lib\nvim\parser\markdown.dll
- OK Parser: markdown_inline      ABI: 14, path: C:\Program Files\Neovim\lib\nvim\parser\markdown_inline.dll
- OK Parser: query                ABI: 14, path: C:\Program Files\Neovim\lib\nvim\parser\query.dll
- OK Parser: vim                  ABI: 14, path: C:\Program Files\Neovim\lib\nvim\parser\vim.dll
- OK Parser: vimdoc               ABI: 14, path: C:\Program Files\Neovim\lib\nvim\parser\vimdoc.dll

==============================================================================
which-key: require("which-key.health").check()

- OK Most of these checks are for informational purposes only.
  WARNINGS should be treated as a warning, and don't necessarily indicate a problem with your config.
  Please |DON'T| report these warnings as an issue.

Checking your config ~
- OK |mini.icons| is installed
- OK |nvim-web-devicons| is installed

Checking for issues with your mappings ~
- OK No issues reported

checking for overlapping keymaps ~
- WARNING In mode `n`, <<Space>w> overlaps with <<C-W><C-D>>, <<C-W><Space>>, <<Space>wm>, <<Space>wd>:
  - <<Space>w>: windows
  - <<C-W><C-D>>: Show diagnostics under the cursor
  - <<C-W><Space>>: Window Hydra Mode (which-key)
  - <<Space>wm>: Enable Maximize
  - <<Space>wd>: Delete Window
- WARNING In mode `n`, <gc> overlaps with <gcc>, <gco>, <gcO>:
  - <gc>: Toggle comment
  - <gcc>: Toggle comment line
  - <gco>: Add Comment Below
  - <gcO>: Add Comment Above
- WARNING In mode `x`, <a> overlaps with <al>, <a%>, <an>:
  - <a>: around
  - <al>: last
  - <an>: next
- WARNING In mode `x`, <i> overlaps with <il>, <in>:
  - <i>: inside
  - <il>: last
  - <in>: next
- WARNING In mode `o`, <a> overlaps with <al>, <an>:
  - <a>: around
  - <al>: last
  - <an>: next
- WARNING In mode `o`, <i> overlaps with <il>, <in>:
  - <i>: inside
  - <il>: last
  - <in>: next
- WARNING In mode `n`, <o> overlaps with <od>, <on>, <oc>, <ot>, <og>, <os>, <om>:
  - <o>: show_help
  - <od>: order_by_diagnostics
  - <on>: order_by_name
  - <oc>: order_by_created
  - <ot>: order_by_type
  - <og>: order_by_git_status
  - <os>: order_by_size
  - <om>: order_by_modified
- WARNING In mode `n`, <<> overlaps with <<P>, <<p>:
  - <<>: prev_source
  - <<P>: Put Before and Indent Left
  - <<p>: Put and Indent Left
- WARNING In mode `n`, <>> overlaps with <>p>, <>P>:
  - <>>: next_source
  - <>p>: Put and Indent Right
  - <>P>: Put Before and Indent Right
- OK Overlapping keymaps are only reported for informational purposes.
  This doesn't necessarily mean there is a problem with your config.

Checking for duplicate mappings ~
- OK No duplicate mappings found

